\BOOKMARK [0][-]{chapter*.2}{\376\377\000D\000a\000n\000h\000\040\000s\000\341\000c\000h\000\040\000h\000\354\000n\000h\000\040\000v\036\275}{}% 1
\BOOKMARK [0][-]{chapter*.3}{Danh\040s\341ch\040bang}{}% 2
\BOOKMARK [0][-]{chapter*.4}{\376\377\000L\036\335\000i\000\040\000c\036\243\000m\000\040\001\241\000n}{}% 3
\BOOKMARK [0][-]{chapter*.5}{\376\377\000T\000\363\000m\000\040\000t\036\257\000t}{}% 4
\BOOKMARK [0][-]{chapter.1}{\376\377\000G\000i\036\333\000i\000\040\000t\000h\000i\036\307\000u\000\040\001\021\036\301\000\040\000t\000\340\000i}{}% 5
\BOOKMARK [1][-]{section.1.1}{\376\377\000M\036\345\000c\000\040\000t\000i\000\352\000u\000\040\001\021\036\301\000\040\000t\000\340\000i}{chapter.1}% 6
\BOOKMARK [1][-]{section.1.2}{\376\377\000L\000\375\000\040\000d\000o\000\040\000l\036\361\000a\000\040\000c\000h\036\315\000n}{chapter.1}% 7
\BOOKMARK [1][-]{section.1.3}{\376\377\000G\000i\036\333\000i\000\040\000h\036\241\000n\000\040\000v\000\340\000\040\000p\000h\036\241\000m\000\040\000v\000i\000\040\001\021\036\301\000\040\000t\000\340\000i}{chapter.1}% 8
\BOOKMARK [1][-]{section.1.4}{\376\377\000C\036\245\000u\000\040\000t\000r\000\372\000c\000\040\000b\000\341\000o\000\040\000c\000\341\000o}{chapter.1}% 9
\BOOKMARK [0][-]{chapter.2}{\376\377\000C\001\241\000\040\000s\036\337\000\040\000l\000\375\000\040\000t\000h\000u\000y\036\277\000t}{}% 10
\BOOKMARK [1][-]{section.2.1}{\376\377\000K\000i\036\277\000n\000\040\000t\000r\000\372\000c\000\040\000t\036\255\000p\000\040\000l\036\307\000n\000h\000\040\000R\000I\000S\000C\000-\000V}{chapter.2}% 11
\BOOKMARK [2][-]{subsection.2.1.1}{\376\377\000L\036\313\000c\000h\000\040\000s\036\355\000\040\000h\000\354\000n\000h\000\040\000t\000h\000\340\000n\000h}{section.2.1}% 12
\BOOKMARK [2][-]{subsection.2.1.2}{\376\377\000C\000\341\000c\000\040\001\021\036\267\000c\000\040\001\021\000i\036\303\000m\000\040\000n\036\325\000i\000\040\000b\036\255\000t}{section.2.1}% 13
\BOOKMARK [2][-]{subsection.2.1.3}{\376\377\000C\036\245\000u\000\040\000t\000r\000\372\000c\000\040\000t\036\255\000p\000\040\000l\036\307\000n\000h\000\040\000c\001\241\000\040\000s\036\337\000\040\000v\000\340\000\040\000c\000\341\000c\000\040\000p\000h\036\247\000n\000\040\000m\036\337\000\040\000r\036\331\000n\000g}{section.2.1}% 14
\BOOKMARK [2][-]{subsection.2.1.4}{\376\377\000S\000o\000\040\000s\000\341\000n\000h\000\040\000k\000i\036\277\000n\000\040\000t\000r\000\372\000c\000\040\000R\000I\000S\000C\000\040\000v\000\340\000\040\000C\000I\000S\000C}{section.2.1}% 15
\BOOKMARK [2][-]{subsection.2.1.5}{\376\377\000C\000\341\000c\000\040\000p\000h\036\247\000n\000\040\000m\036\337\000\040\000r\036\331\000n\000g\000\040\000t\000i\000\352\000u\000\040\000c\000h\000u\036\251\000n\000\040\000\050\000S\000t\000a\000n\000d\000a\000r\000d\000\040\000E\000x\000t\000e\000n\000s\000i\000o\000n\000s\000\051}{section.2.1}% 16
\BOOKMARK [2][-]{subsection.2.1.6}{\376\377\000S\036\361\000\040\000p\000h\000\371\000\040\000h\036\343\000p\000\040\000c\036\347\000a\000\040\000R\000I\000S\000C\000\040\001\021\036\321\000i\000\040\000v\036\333\000i\000\040\000E\000d\000g\000e\000\040\000A\000I}{section.2.1}% 17
\BOOKMARK [1][-]{section.2.2}{\376\377\000L\000\365\000i\000\040\000v\000i\000\040\000x\036\355\000\040\000l\000\375\000\040\000C\000V\0003\0002\000E\0004\0000\000P}{chapter.2}% 18
\BOOKMARK [2][-]{subsection.2.2.1}{\376\377\000T\036\325\000n\000g\000\040\000q\000u\000a\000n\000\040\000v\000\340\000\040\000l\000\375\000\040\000d\000o\000\040\000l\036\361\000a\000\040\000c\000h\036\315\000n}{section.2.2}% 19
\BOOKMARK [2][-]{subsection.2.2.2}{\376\377\000C\036\245\000u\000\040\000t\000r\000\372\000c\000\040\001\021\001\260\036\335\000n\000g\000\040\036\321\000n\000g\000\040\000l\036\307\000n\000h}{section.2.2}% 20
\BOOKMARK [2][-]{subsection.2.2.3}{\376\377\000G\000i\000a\000o\000\040\000t\000i\036\277\000p\000\040\000O\000p\000e\000n\000\040\000B\000u\000s\000\040\000I\000n\000t\000e\000r\000f\000a\000c\000e\000\040\000\050\000O\000B\000I\000\051}{section.2.2}% 21
\BOOKMARK [1][-]{section.2.3}{\376\377\000N\036\301\000n\000\040\000t\036\243\000n\000g\000\040\000p\000h\036\247\000n\000\040\000c\036\351\000n\000g\000\040\000f\000p\000g\000a\000\040\000v\000\340\000\040\000s\000y\000s\000t\000e\000m\000-\000o\000n\000-\000c\000h\000i\000p}{chapter.2}% 22
\BOOKMARK [2][-]{subsection.2.3.1}{\376\377\000C\000\364\000n\000g\000\040\000n\000g\000h\036\307\000\040\000f\000p\000g\000a\000\040\000\050\000f\000i\000e\000l\000d\000\040\000p\000r\000o\000g\000r\000a\000m\000m\000a\000b\000l\000e\000\040\000g\000a\000t\000e\000\040\000a\000r\000r\000a\000y\000\051}{section.2.3}% 23
\BOOKMARK [2][-]{subsection.2.3.2}{System\040on\040Chip\040-\040SoC}{section.2.3}% 24
\BOOKMARK [2][-]{subsection.2.3.3}{\376\377\000n\036\301\000n\000\040\000t\036\243\000n\000g\000\040\000K\000r\000i\000a\000\040\000k\000v\0002\0006\0000\000\040\000v\000i\000s\000i\000o\000n\000\040\000a\000i}{section.2.3}% 25
\BOOKMARK [2][-]{subsection.2.3.4}{\376\377\000N\000g\000u\036\323\000n\000\040\000d\036\357\000\040\000l\000i\036\307\000u\000\040\001\021\036\247\000u\000\040\000v\000\340\000o\000\040\000c\000h\000o\000\040\000h\036\307\000\040\000t\000h\036\321\000n\000g}{section.2.3}% 26
\BOOKMARK [1][-]{section.2.4}{\376\377\000t\036\325\000n\000g\000\040\000q\000u\000a\000n\000\040\000c\000h\000u\036\251\000n\000\040\000g\000i\000a\000o\000\040\000t\000i\036\277\000p\000\040\000a\000x\000i}{chapter.2}% 27
\BOOKMARK [2][-]{subsection.2.4.1}{\376\377\000L\036\313\000c\000h\000\040\000s\036\355\000\040\000h\000\354\000n\000h\000\040\000t\000h\000\340\000n\000h\000\040\000v\000\340\000\040\000s\036\361\000\040\000h\036\331\000i\000\040\000t\036\345\000\040\000g\000i\036\357\000a\000\040\000A\000S\000I\000C\000\040\000v\000\340\000\040\000F\000P\000G\000A}{section.2.4}% 28
\BOOKMARK [2][-]{subsection.2.4.2}{\376\377\000C\001\241\000\040\000s\036\337\000\040\000l\000\375\000\040\000t\000h\000u\000y\036\277\000t\000\040\000v\000\340\000\040\000C\001\241\000\040\000c\000h\036\277\000\040\000h\000o\036\241\000t\000\040\001\021\036\331\000n\000g\000\040\000c\036\347\000a\000\040\000A\000X\000I\0004}{section.2.4}% 29
\BOOKMARK [2][-]{subsection.2.4.3}{\376\377\000P\000h\000\342\000n\000\040\000l\000o\036\241\000i\000\040\000c\000\341\000c\000\040\000b\000i\036\277\000n\000\040\000t\000h\036\303\000\040\000A\000X\000I\000\040\000t\000r\000\352\000n\000\040\000n\036\301\000n\000\040\000t\036\243\000n\000g\000\040\000X\000i\000l\000i\000n\000x}{section.2.4}% 30
\BOOKMARK [2][-]{subsection.2.4.4}{\376\377\000T\000\355\000c\000h\000\040\000h\036\343\000p\000\040\000h\036\307\000\040\000t\000h\036\321\000n\000g}{section.2.4}% 31
\BOOKMARK [1][-]{section.2.5}{\376\377\000t\036\325\000n\000g\000\040\000q\000u\000a\000n\000\040\000v\036\301\000\040\000t\000r\000\355\000\040\000t\000u\036\307\000\040\000n\000h\000\342\000n\000\040\000t\036\241\000o\000\040\000\050\000a\000i\000\051}{chapter.2}% 32
\BOOKMARK [2][-]{subsection.2.5.1}{C\341c\040M\364\040h\354nh\040AI\040\(AI\040Models\)}{section.2.5}% 33
\BOOKMARK [2][-]{subsection.2.5.2}{Training\040v\340\040Inference}{section.2.5}% 34
\BOOKMARK [2][-]{subsection.2.5.3}{\376\377\000P\000h\000\342\000n\000\040\000l\000o\036\241\000i\000\040\000A\000I\000\040\000v\000\340\000\040\000M\036\321\000i\000\040\000l\000i\000\352\000n\000\040\000h\036\307\000\040\000v\036\333\000i\000\040\000D\000e\000e\000p\000\040\000L\000e\000a\000r\000n\000i\000n\000g}{section.2.5}% 35
\BOOKMARK [2][-]{subsection.2.5.4}{Edge\040AI}{section.2.5}% 36
\BOOKMARK [1][-]{section.2.6}{\376\377\000M\036\241\000n\000g\000\040\000N\001\241\000-\000r\000o\000n\000\040\000N\000h\000\342\000n\000\040\000t\036\241\000o\000\040\000\050\000A\000r\000t\000i\000f\000i\000c\000i\000a\000l\000\040\000N\000e\000u\000r\000a\000l\000\040\000N\000e\000t\000w\000o\000r\000k\000s\000\051}{chapter.2}% 37
\BOOKMARK [2][-]{subsection.2.6.1}{\376\377\000C\000\341\000c\000\040\000k\000i\036\277\000n\000\040\000t\000r\000\372\000c\000\040\000M\036\241\000n\000g\000\040\000N\001\241\000-\000r\000o\000n\000\040\000p\000h\036\325\000\040\000b\000i\036\277\000n}{section.2.6}% 38
\BOOKMARK [2][-]{subsection.2.6.2}{\376\377\000M\036\241\000n\000g\000\040\000N\001\241\000-\000r\000o\000n\000\040\000T\000\355\000c\000h\000\040\000c\000h\036\255\000p\000\040\000\050\000C\000N\000N\000\051}{section.2.6}% 39
\BOOKMARK [2][-]{subsection.2.6.3}{\376\377\000K\036\371\000\040\000t\000h\000u\036\255\000t\000\040\000L\001\260\036\343\000n\000g\000\040\000t\036\355\000\040\000h\000\363\000a\000\040\000\050\000Q\000u\000a\000n\000t\000i\000z\000a\000t\000i\000o\000n\000\051}{section.2.6}% 40
\BOOKMARK [2][-]{subsection.2.6.4}{\376\377\000C\000\341\000c\000\040\000k\036\371\000\040\000t\000h\000u\036\255\000t\000\040\000t\036\321\000i\000\040\001\260\000u\000\040\000h\000\363\000a\000\040\000k\000h\000\341\000c}{section.2.6}% 41
\BOOKMARK [0][-]{chapter.3}{\376\377\000C\000\341\000c\000\040\000c\000\364\000n\000g\000\040\000t\000r\000\354\000n\000h\000\040\000n\000g\000h\000i\000\352\000n\000\040\000c\036\351\000u\000\040\000l\000i\000\352\000n\000\040\000q\000u\000a\000n}{}% 42
\BOOKMARK [1][-]{section.3.1}{Pulpissimo}{chapter.3}% 43
\BOOKMARK [2][-]{subsection.3.1.1}{\376\377\000T\036\325\000n\000g\000\040\000q\000u\000a\000n}{section.3.1}% 44
\BOOKMARK [2][-]{subsection.3.1.2}{\376\377\000C\000\341\000c\000\040\001\021\036\267\000c\000\040\001\021\000i\036\303\000m\000\040\000k\036\371\000\040\000t\000h\000u\036\255\000t\000\040\000n\036\325\000i\000\040\000b\036\255\000t}{section.3.1}% 45
\BOOKMARK [1][-]{section.3.2}{\376\377\000M\000\364\000\040\000h\000\354\000n\000h\000\040\000h\000i\036\307\000u\000\040\000q\000u\036\243\000\040\000c\000h\000o\000\040\000t\000h\000i\036\277\000t\000\040\000b\036\313\000\040\000b\000i\000\352\000n}{chapter.3}% 46
\BOOKMARK [1][-]{section.3.3}{\376\377\000G\000i\000a\000\040\000t\036\321\000c\000\040\000p\000h\036\247\000n\000\040\000c\036\351\000n\000g\000\040\000t\000r\000\352\000n\000\040\000T\036\255\000p\000\040\000l\036\307\000n\000h\000\040\000m\036\337\000\040\000r\036\331\000n\000g\000\040\000R\000I\000S\000C\000-\000V\000\040\000\050\000I\000S\000A\000\040\000E\000x\000t\000e\000n\000s\000i\000o\000n\000s\000\051}{chapter.3}% 47
\BOOKMARK [1][-]{section.3.4}{\376\377\000L\001\260\036\343\000n\000g\000\040\000t\036\355\000\040\000h\000\363\000a\000\040\000v\000\340\000\040\000h\000u\036\245\000n\000\040\000l\000u\000y\036\307\000n\000\040\000m\036\241\000n\000g\000\040\000n\001\241\000-\000r\000o\000n}{chapter.3}% 48
\BOOKMARK [2][-]{subsection.3.4.1}{\376\377\000C\001\241\000\040\000c\000h\036\277\000\040\000L\001\260\036\343\000n\000g\000\040\000t\036\355\000\040\000h\000\363\000a\000\040\000A\000f\000f\000i\000n\000e\000\040\000\050\000A\000f\000f\000i\000n\000e\000\040\000Q\000u\000a\000n\000t\000i\000z\000a\000t\000i\000o\000n\000\040\000S\000c\000h\000e\000m\000e\000\051}{section.3.4}% 49
\BOOKMARK [2][-]{subsection.3.4.2}{\376\377\000S\000u\000y\000\040\000l\000u\036\255\000n\000\040\000c\000h\036\311\000\040\000d\000\371\000n\000g\000\040\000s\036\321\000\040\000h\036\315\000c\000\040\000n\000g\000u\000y\000\352\000n\000\040\000\050\000I\000n\000t\000e\000g\000e\000r\000-\000A\000r\000i\000t\000h\000m\000e\000t\000i\000c\000-\000O\000n\000l\000y\000\040\000I\000n\000f\000e\000r\000e\000n\000c\000e\000\051}{section.3.4}% 50
\BOOKMARK [0][-]{chapter.4}{\376\377\000T\000h\000i\036\277\000t\000\040\000k\036\277\000\040\000k\000i\036\277\000n\000\040\000t\000r\000\372\000c\000\040\000h\036\307\000\040\000t\000h\036\321\000n\000g}{}% 51
\BOOKMARK [1][-]{section.4.1}{\376\377\000T\036\325\000n\000g\000\040\000q\000u\000a\000n\000\040\000k\000i\036\277\000n\000\040\000t\000r\000\372\000c\000\040\000P\000l\000a\000t\000f\000o\000r\000m}{chapter.4}% 52
\BOOKMARK [2][-]{subsection.4.1.1}{Layer\0401:\040Hardware\040Layer}{section.4.1}% 53
\BOOKMARK [2][-]{subsection.4.1.2}{layer\0402:\040software\040/\040runtime\040layer}{section.4.1}% 54
\BOOKMARK [2][-]{subsection.4.1.3}{layer\0403:\040application\040layer}{section.4.1}% 55
\BOOKMARK [1][-]{section.4.2}{\376\377\000k\000i\036\277\000n\000\040\000t\000r\000\372\000c\000\040\000d\036\313\000\040\000t\000h\036\303}{chapter.4}% 56
\BOOKMARK [1][-]{section.4.3}{\376\377\000T\000h\000i\036\277\000t\000\040\000k\036\277\000\040\000P\000r\000o\000c\000e\000s\000s\000i\000n\000g\000\040\000S\000y\000s\000t\000e\000m}{chapter.4}% 57
\BOOKMARK [2][-]{subsection.4.3.1}{\376\377\000C\036\245\000u\000\040\000h\000\354\000n\000h\000\040\000c\000h\000i\000\040\000t\000i\036\277\000t\000\040\000c\000\341\000c\000\040\000p\000h\000\342\000n\000\040\000h\036\307}{section.4.3}% 58
\BOOKMARK [1][-]{section.4.4}{\376\377\000T\000h\000i\036\277\000t\000\040\000k\036\277\000\040\000H\036\307\000\040\000t\000h\036\321\000n\000g\000\040\000G\000i\000a\000o\000\040\000t\000i\036\277\000p\000\040\000v\000\340\000\040\000B\036\331\000\040\000n\000h\036\333\000\040\000\050\000I\000n\000t\000e\000r\000c\000o\000n\000n\000e\000c\000t\000\040\000\046\000\040\000M\000e\000m\000o\000r\000y\000\040\000H\000i\000e\000r\000a\000r\000c\000h\000y\000\051}{chapter.4}% 59
\BOOKMARK [2][-]{subsection.4.4.1}{\376\377\000C\001\241\000\040\000c\000h\036\277\000\040\000A\000X\000I\000\040\000S\000m\000a\000r\000t\000C\000o\000n\000n\000e\000c\000t\000\040\000\050\000P\000S\000-\000P\000L\000\040\000B\000r\000i\000d\000g\000e\000\051}{section.4.4}% 60
\BOOKMARK [2][-]{subsection.4.4.2}{\376\377\000Q\000u\000y\000\040\000h\000o\036\241\000c\000h\000\040\000k\000h\000\364\000n\000g\000\040\000g\000i\000a\000n\000\040\000b\036\331\000\040\000n\000h\036\333\000\040\000\050\000S\000y\000s\000t\000e\000m\000\040\000M\000e\000m\000o\000r\000y\000\040\000M\000a\000p\000\051}{section.4.4}% 61
\BOOKMARK [1][-]{section.4.5}{\376\377\000T\000h\000i\036\277\000t\000\040\000k\036\277\000\040\000P\000r\000o\000g\000r\000a\000m\000m\000a\000b\000l\000e\000\040\000L\000o\000g\000i\000c}{chapter.4}% 62
\BOOKMARK [2][-]{subsection.4.5.1}{\376\377\000K\000i\036\277\000n\000\040\000t\000r\000\372\000c\000\040\000t\036\325\000n\000g\000\040\000t\000h\036\303\000\040\000P\000h\000\342\000n\000\040\000h\036\307\000\040\000P\000U\000L\000P\000\040\000\050\000P\000U\000L\000P\000\040\000S\000u\000b\000s\000y\000s\000t\000e\000m\000\051}{section.4.5}% 63
\BOOKMARK [2][-]{subsection.4.5.2}{\376\377\000C\036\245\000u\000\040\000h\000\354\000n\000h\000\040\000N\000h\000\342\000n\000\040\000V\000i\000\040\000x\036\355\000\040\000l\000\375\000\040\000\050\000R\000I\000S\000C\000-\000V\000\040\000C\000o\000r\000e\000\040\000C\000o\000n\000f\000i\000g\000u\000r\000a\000t\000i\000o\000n\000\051}{section.4.5}% 64
\BOOKMARK [2][-]{subsection.4.5.3}{\376\377\000H\036\307\000\040\000t\000h\036\321\000n\000g\000\040\000B\036\331\000\040\000n\000h\036\333\000\040\000T\000C\000D\000M\000\040\000v\000\340\000\040\000I\000n\000t\000e\000r\000c\000o\000n\000n\000e\000c\000t}{section.4.5}% 65
\BOOKMARK [2][-]{subsection.4.5.4}{\376\377\000C\001\241\000\040\000c\000h\036\277\000\040\000T\000r\000u\000y\000\040\000c\036\255\000p\000\040\000B\036\331\000\040\000n\000h\036\333\000\040\000T\000r\036\361\000c\000\040\000t\000i\036\277\000p\000\040\000\050\000u\000D\000M\000A\000\051}{section.4.5}% 66
\BOOKMARK [1][-]{section.4.6}{\376\377\000T\000h\000i\036\277\000t\000\040\000k\036\277\000\040\000K\000h\036\321\000i\000\040\000T\001\003\000n\000g\000\040\000t\036\321\000c\000\040\000p\000h\036\247\000n\000\040\000c\036\351\000n\000g\000\040\000\050\000C\000N\000N\000\040\000A\000c\000c\000e\000l\000e\000r\000a\000t\000o\000r\000\051}{chapter.4}% 67
\BOOKMARK [2][-]{subsection.4.6.1}{\376\377\000K\000i\036\277\000n\000\040\000t\000r\000\372\000c\000\040\000t\036\325\000n\000g\000\040\000q\000u\000\341\000t\000\040\000k\000h\036\321\000i\000\040\000A\000c\000c\000e\000l\000e\000r\000a\000t\000o\000r}{section.4.6}% 68
\BOOKMARK [2][-]{subsection.4.6.2}{\376\377\000C\000\341\000c\000\040\000t\000h\000\340\000n\000h\000\040\000p\000h\036\247\000n\000\040\000c\000h\036\351\000c\000\040\000n\001\003\000n\000g\000\040\000c\000h\000i\000\040\000t\000i\036\277\000t}{section.4.6}% 69
\BOOKMARK [2][-]{subsection.4.6.3}{\376\377\001\020\036\267\000c\000\040\000t\000\355\000n\000h\000\040\000t\000h\000i\036\277\000t\000\040\000k\036\277\000\040\000v\000\340\000\040\000t\036\321\000i\000\040\001\260\000u\000\040\000c\000h\000o\000\040\000v\000g\000g\000-\000t\000i\000n\000y}{section.4.6}% 70
\BOOKMARK [1][-]{section.4.7}{\376\377\000M\000\364\000\040\000h\000\354\000n\000h\000\040\000A\000I\000\040\000m\036\345\000c\000\040\000t\000i\000\352\000u\000:\000\040\000v\000g\000g\000-\000t\000i\000n\000y}{chapter.4}% 71
\BOOKMARK [2][-]{subsection.4.7.1}{\376\377\001\020\036\267\000c\000\040\000t\036\243\000\040\000k\000i\036\277\000n\000\040\000t\000r\000\372\000c\000\040\000v\000g\000g\000-\000t\000i\000n\000y}{section.4.7}% 72
\BOOKMARK [2][-]{subsection.4.7.2}{\376\377\000S\000o\000\040\000s\000\341\000n\000h\000\040\000v\000g\000g\000-\000t\000i\000n\000y\000\040\000v\036\333\000i\000\040\000c\000\341\000c\000\040\000m\000\364\000\040\000h\000\354\000n\000h\000\040\000t\000h\000\364\000n\000g\000\040\000d\036\345\000n\000g}{section.4.7}% 73
\BOOKMARK [2][-]{subsection.4.7.3}{\376\377\000L\036\331\000\040\000t\000r\000\354\000n\000h\000\040\000m\036\337\000\040\000r\036\331\000n\000g\000\040\000\050\000T\000i\000e\000r\000\040\000R\000o\000a\000d\000m\000a\000p\000\051}{section.4.7}% 74
\BOOKMARK [2][-]{subsection.4.7.4}{\376\377\000L\001\260\036\343\000n\000g\000\040\000t\036\355\000\040\000h\000\363\000a\000\040\000\050\000Q\000u\000a\000n\000t\000i\000z\000a\000t\000i\000o\000n\000\051}{section.4.7}% 75
\BOOKMARK [2][-]{subsection.4.7.5}{\376\377\000T\036\325\000\040\000c\000h\036\351\000c\000\040\000D\036\357\000\040\000l\000i\036\307\000u\000\040\000t\000r\000o\000n\000g\000\040\000B\036\331\000\040\000n\000h\036\333}{section.4.7}% 76
\BOOKMARK [1][-]{section.4.8}{\376\377\000L\000u\036\323\000n\000g\000\040\000t\000h\036\361\000c\000\040\000t\000h\000i\000\040\000v\000\340\000\040\000G\000i\000a\000o\000\040\000t\000h\036\351\000c\000\040\000b\036\257\000t\000\040\000t\000a\000y}{chapter.4}% 77
\BOOKMARK [0][-]{chapter.5}{\376\377\000H\000i\036\307\000n\000\040\000t\000h\036\361\000c\000\040\000v\000\340\000\040\000k\000i\036\303\000m\000\040\000t\000h\036\355\000\040\000h\036\307\000\040\000t\000h\036\321\000n\000g}{}% 78
\BOOKMARK [1][-]{section.5.1}{\376\377\000T\036\325\000n\000g\000\040\000q\000u\000a\000n\000\040\000h\001\260\036\333\000n\000g\000\040\000h\000i\036\307\000n\000\040\000t\000h\036\361\000c}{chapter.5}% 79
\BOOKMARK [1][-]{section.5.2}{\376\377\000H\000u\036\245\000n\000\040\000l\000u\000y\036\307\000n\000\040\000v\000\340\000\040\000l\001\260\036\343\000n\000g\000\040\000t\036\355\000\040\000h\000\363\000a\000\040\000m\000\364\000\040\000h\000\354\000n\000h\000\040\000A\000I}{chapter.5}% 80
\BOOKMARK [1][-]{section.5.3}{\376\377\000H\000i\036\307\000n\000\040\000t\000h\036\361\000c\000\040\000k\000h\036\321\000i\000\040\000g\000i\000a\000\040\000t\036\321\000c\000\040\000p\000h\036\247\000n\000\040\000c\036\351\000n\000g\000\040\000C\000N\000N}{chapter.5}% 81
\BOOKMARK [2][-]{subsection.5.3.1}{\376\377\000T\036\325\000n\000g\000\040\000q\000u\000a\000n\000\040\000k\000i\036\277\000n\000\040\000t\000r\000\372\000c\000\040\000C\000o\000n\000v\000\137\000C\000N\000N\000\040\000v\0002\000.\0000}{section.5.3}% 82
\BOOKMARK [2][-]{subsection.5.3.2}{\376\377\000T\000h\000a\000m\000\040\000s\036\321\000\040\000h\000\363\000a\000\040\000v\000\340\000\040\000p\000a\000c\000k\000a\000g\000e\000\040\000c\000o\000n\000v\000\137\000p\000k\000g\000.\000s\000v}{section.5.3}% 83
\BOOKMARK [2][-]{subsection.5.3.3}{\376\377\000T\000\355\000c\000h\000\040\000h\036\343\000p\000\040\000t\036\325\000n\000g\000\040\000t\000h\036\303\000\040\000q\000u\000a\000\040\000A\000X\000I}{section.5.3}% 84
\BOOKMARK [2][-]{subsection.5.3.4}{\376\377\001\020\000\341\000n\000h\000\040\000g\000i\000\341\000\040\000k\000h\036\321\000i\000\040\000t\001\003\000n\000g\000\040\000t\036\321\000c\000\040\000C\000O\000N\000V\000-\000C\000N\000N}{section.5.3}% 85
\BOOKMARK [1][-]{section.5.4}{\376\377\000H\000i\036\307\000n\000\040\000t\000h\036\361\000c\000\040\000R\000I\000S\000C\000-\000V\000\040\000S\000o\000f\000t\000-\000c\000o\000r\000e}{chapter.5}% 86
\BOOKMARK [2][-]{subsection.5.4.1}{\376\377\000T\000i\000n\000h\000\040\000c\000h\036\311\000n\000h\000\040\000C\000V\0003\0002\000E\0004\0000\000P\000\040\000C\000o\000r\000e}{section.5.4}% 87
\BOOKMARK [2][-]{subsection.5.4.2}{\376\377\000H\000i\036\307\000n\000\040\000t\000h\036\361\000c\000\040\000c\036\247\000u\000\040\000n\036\321\000i\000\040\000g\000i\000a\000o\000\040\000t\000i\036\277\000p\000\040\000O\000B\000I\000\040\000s\000a\000n\000g\000\040\000A\000X\000I\0004\000\040\000\050\000O\000B\000I\000\040\000t\000o\000\040\000A\000X\000I\000\051}{section.5.4}% 88
\BOOKMARK [1][-]{section.5.5}{\376\377\000P\000h\000\341\000t\000\040\000t\000r\000i\036\303\000n\000\040\000F\000i\000r\000m\000w\000a\000r\000e}{chapter.5}% 89
\BOOKMARK [2][-]{subsection.5.5.1}{\376\377\000P\000i\000p\000e\000l\000i\000n\000e\000\040\000h\000u\036\245\000n\000\040\000l\000u\000y\036\307\000n\000\040\000t\000r\000\352\000n\000\040\000H\000o\000s\000t\000\040\000P\000C}{section.5.5}% 90
\BOOKMARK [2][-]{subsection.5.5.2}{\376\377\000T\000r\000\354\000n\000h\000\040\000b\000i\000\352\000n\000\040\000d\036\313\000c\000h\000\040\000t\036\361\000\040\000s\000i\000n\000h\000\040\000l\000a\000y\000e\000r\000\137\000t\000a\000b\000l\000e\000.\000h\000\040\000v\000\340\000\040\000w\000e\000i\000g\000h\000t\000s\000.\000b\000i\000n}{section.5.5}% 91
\BOOKMARK [2][-]{subsection.5.5.3}{Firmware\040RISC-V}{section.5.5}% 92
\BOOKMARK [2][-]{subsection.5.5.4}{Host\040Controller\040}{section.5.5}% 93
\BOOKMARK [1][-]{section.5.6}{\376\377\000T\000\355\000c\000h\000\040\000h\036\343\000p\000\040\000B\000l\000o\000c\000k\000\040\000D\000e\000s\000i\000g\000n\000\040\000t\000r\000o\000n\000g\000\040\000V\000i\000v\000a\000d\000o}{chapter.5}% 94
\BOOKMARK [2][-]{subsection.5.6.1}{\376\377\000B\036\243\000n\000\040\001\021\036\323\000\040\000b\036\331\000\040\000n\000h\036\333\000\040\000v\000\340\000\040\000A\000d\000d\000r\000e\000s\000s\000\040\000E\000d\000i\000t\000o\000r}{section.5.6}% 95
\BOOKMARK [2][-]{subsection.5.6.2}{\376\377\001\020\036\323\000n\000g\000\040\000b\036\331\000\040\000A\000R\000M\000\040\000\040\000R\000I\000S\000C\000-\000V\000\040\000q\000u\000a\000\040\000D\000-\000B\000R\000A\000M\000\040\000d\000u\000a\000l\000-\000p\000o\000r\000t}{section.5.6}% 96
\BOOKMARK [1][-]{section.5.7}{\376\377\000Q\000u\000y\000\040\000t\000r\000\354\000n\000h\000\040\000k\000i\036\303\000m\000\040\000t\000h\036\355}{chapter.5}% 97
\BOOKMARK [2][-]{subsection.5.7.1}{\376\377\000K\000i\036\303\000m\000\040\000t\000h\036\355\000\040\001\021\001\241\000n\000\040\000v\036\313\000\040\000\050\000U\000n\000i\000t\000\040\000T\000e\000s\000t\000b\000e\000n\000c\000h\000\051}{section.5.7}% 98
\BOOKMARK [2][-]{subsection.5.7.2}{\376\377\000K\000i\036\303\000m\000\040\000t\000h\036\355\000\040\000t\000\355\000c\000h\000\040\000h\036\343\000p\000\040\000I\000P}{section.5.7}% 99
\BOOKMARK [2][-]{subsection.5.7.3}{\376\377\001\020\036\321\000i\000\040\000c\000h\000i\036\277\000u\000\040\000v\036\333\000i\000\040\000g\000o\000l\000d\000e\000n\000\040\000v\000e\000c\000t\000o\000r\000\040\000t\036\353\000\040\000T\000F\000L\000i\000t\000e\000\040\000I\000n\000t\000e\000r\000p\000r\000e\000t\000e\000r}{section.5.7}% 100
\BOOKMARK [2][-]{subsection.5.7.4}{\376\377\000K\000i\036\303\000m\000\040\000t\000h\036\355\000\040\000t\000r\000\352\000n\000\040\000b\000o\000a\000r\000d\000\040\000K\000V\0002\0006\0000}{section.5.7}% 101
\BOOKMARK [0][-]{chapter.6}{\376\377\000K\036\277\000t\000\040\000q\000u\036\243}{}% 102
\BOOKMARK [1][-]{section.6.1}{\376\377\000K\036\277\000t\000\040\000q\000u\036\243\000\040\000h\000u\036\245\000n\000\040\000l\000u\000y\036\307\000n\000\040\000m\000o\000d\000e\000l}{chapter.6}% 103
\BOOKMARK [2][-]{subsection.6.1.1}{\376\377\000C\036\245\000u\000\040\000h\000\354\000n\000h\000\040\000t\000h\000\355\000\040\000n\000g\000h\000i\036\307\000m}{section.6.1}% 104
\BOOKMARK [2][-]{subsection.6.1.2}{\376\377\000T\036\255\000p\000\040\000C\000a\000t\000s\000\040\000v\000s\000\040\000D\000o\000g\000s}{section.6.1}% 105
\BOOKMARK [2][-]{subsection.6.1.3}{\376\377\000T\036\255\000p\000\040\000I\000N\000R\000I\000A\000\040\000P\000e\000r\000s\000o\000n}{section.6.1}% 106
\BOOKMARK [2][-]{subsection.6.1.4}{\376\377\001\020\000\341\000n\000h\000\040\000g\000i\000\341\000\040\036\243\000n\000h\000\040\000h\001\260\036\337\000n\000g\000\040\000c\036\347\000a\000\040\000l\001\260\036\343\000n\000g\000\040\000t\036\355\000\040\000h\000\363\000a\000\040\000I\000N\000T\0008}{section.6.1}% 107
\BOOKMARK [1][-]{section.6.2}{\376\377\000T\036\325\000n\000g\000\040\000h\036\343\000p\000\040\000p\000h\036\247\000n\000\040\000c\036\351\000n\000g}{chapter.6}% 108
\BOOKMARK [2][-]{subsection.6.2.1}{T\340i\040nguy\352n\040FPGA}{section.6.2}% 109
\BOOKMARK [2][-]{subsection.6.2.2}{B\341o\040c\341o\040timing}{section.6.2}% 110
\BOOKMARK [2][-]{subsection.6.2.3}{Power\040estimation}{section.6.2}% 111
\BOOKMARK [1][-]{section.6.3}{\376\377\000K\036\277\000t\000\040\000q\000u\036\243\000\040\000c\000h\036\241\000y\000\040\000t\000r\000\352\000n\000\040\000m\036\241\000c\000h\000\040\000t\000h\036\361\000c\000\040\000t\036\277}{chapter.6}% 112
\BOOKMARK [2][-]{subsection.6.3.1}{\376\377\000S\000o\000\040\000s\000\341\000n\000h\000\040\000v\036\333\000i\000\040\000r\000e\000l\000a\000t\000e\000d\000\040\000w\000o\000r\000k}{section.6.3}% 113
\BOOKMARK [0][-]{chapter.7}{\376\377\000K\036\277\000t\000\040\000l\000u\036\255\000n\000\040\000v\000\340\000\040\000H\001\260\036\333\000n\000g\000\040\000p\000h\000\341\000t\000\040\000t\000r\000i\036\303\000n}{}% 114
\BOOKMARK [1][-]{section.7.1}{\376\377\000K\036\277\000t\000\040\000l\000u\036\255\000n}{chapter.7}% 115
\BOOKMARK [2][-]{subsection.7.1.1}{\376\377\001\020\036\241\000t\000\040\001\021\001\260\036\343\000c}{section.7.1}% 116
\BOOKMARK [2][-]{subsection.7.1.2}{\376\377\000H\036\241\000n\000\040\000c\000h\036\277\000\040\000c\036\347\000a\000\040\000h\036\307\000\040\000t\000h\036\321\000n\000g}{section.7.1}% 117
\BOOKMARK [1][-]{section.7.2}{\376\377\000H\001\260\036\333\000n\000g\000\040\000p\000h\000\341\000t\000\040\000t\000r\000i\036\303\000n}{chapter.7}% 118
\BOOKMARK [0][-]{chapter*.6}{\376\377\000T\000\340\000i\000\040\000l\000i\036\307\000u\000\040\000t\000h\000a\000m\000\040\000k\000h\036\243\000o}{}% 119
