INFO: [VRFC 10-2263] Analyzing Verilog file "T:/home/tan/Course/capstoneProject/fpga/ip_repo/conv_cnn_1_0/hdl/conv_cnn_v1_0.v" into library xil_defaultlib
INFO: [VRFC 10-311] analyzing module conv_cnn_v1_0
INFO: [VRFC 10-2263] Analyzing Verilog file "T:/home/tan/Course/capstoneProject/fpga/ip_repo/conv_cnn_1_0/hdl/conv_cnn_v1_0_S00_AXI.v" into library xil_defaultlib
INFO: [VRFC 10-311] analyzing module conv_cnn_v1_0_S00_AXI
INFO: [VRFC 10-2263] Analyzing SystemVerilog file "T:/home/tan/Course/capstoneProject/fpga/ip_repo/conv_cnn_1_0/src/controller_fsm.sv" into library xil_defaultlib
INFO: [VRFC 10-311] analyzing module controller_fsm
INFO: [VRFC 10-2263] Analyzing SystemVerilog file "T:/home/tan/Course/capstoneProject/fpga/ip_repo/conv_cnn_1_0/src/conv_core.sv" into library xil_defaultlib
INFO: [VRFC 10-311] analyzing module conv_core
INFO: [VRFC 10-2263] Analyzing SystemVerilog file "T:/home/tan/Course/capstoneProject/fpga/ip_repo/conv_cnn_1_0/src/line_buffer.sv" into library xil_defaultlib
INFO: [VRFC 10-311] analyzing module line_buffer
INFO: [VRFC 10-2263] Analyzing SystemVerilog file "T:/home/tan/Course/capstoneProject/fpga/ip_repo/conv_cnn_1_0/src/max_pool.sv" into library xil_defaultlib
INFO: [VRFC 10-311] analyzing module max_pool_2x2
INFO: [VRFC 10-2263] Analyzing SystemVerilog file "T:/home/tan/Course/capstoneProject/fpga/ip_repo/conv_cnn_1_0/src/pe_mac.sv" into library xil_defaultlib
INFO: [VRFC 10-311] analyzing module pe_mac
INFO: [VRFC 10-2263] Analyzing SystemVerilog file "T:/home/tan/Course/capstoneProject/fpga/ip_repo/conv_cnn_1_0/src/window_3x3.sv" into library xil_defaultlib
INFO: [VRFC 10-311] analyzing module window_3x3
INFO: [VRFC 10-2263] Analyzing SystemVerilog file "T:/home/tan/Course/capstoneProject/fpga/ip_repo/conv_cnn_1_0/src/tb_conv_cnn_v1_0.sv" into library xil_defaultlib
INFO: [VRFC 10-311] analyzing module tb_conv_cnn
INFO: [VRFC 10-2263] Analyzing Verilog file "T:/home/tan/Course/capstoneProject/fpga/cnn_standard/cnn_standard.sim/sim_1/behav/xsim/glbl.v" into library xil_defaultlib
INFO: [VRFC 10-311] analyzing module glbl
